{"D:\\Apply Jobs\\menu-project\\frontend-menu\\src\\api\\menuApi.ts": {"path":"D:\\Apply Jobs\\menu-project\\frontend-menu\\src\\api\\menuApi.ts","statementMap":{"0":{"start":{"line":11,"column":12},"end":{"line":16,"column":null}},"1":{"start":{"line":18,"column":23},"end":{"line":59,"column":null}},"2":{"start":{"line":21,"column":25},"end":{"line":21,"column":null}},"3":{"start":{"line":22,"column":8},"end":{"line":22,"column":null}},"4":{"start":{"line":27,"column":25},"end":{"line":27,"column":null}},"5":{"start":{"line":28,"column":8},"end":{"line":28,"column":null}},"6":{"start":{"line":33,"column":25},"end":{"line":33,"column":null}},"7":{"start":{"line":34,"column":8},"end":{"line":34,"column":null}},"8":{"start":{"line":39,"column":25},"end":{"line":39,"column":null}},"9":{"start":{"line":40,"column":8},"end":{"line":40,"column":null}},"10":{"start":{"line":45,"column":8},"end":{"line":45,"column":null}},"11":{"start":{"line":50,"column":25},"end":{"line":50,"column":null}},"12":{"start":{"line":51,"column":8},"end":{"line":51,"column":null}},"13":{"start":{"line":56,"column":25},"end":{"line":56,"column":null}},"14":{"start":{"line":57,"column":8},"end":{"line":57,"column":null}}},"fnMap":{"0":{"name":"(anonymous_0)","decl":{"start":{"line":20,"column":12},"end":{"line":20,"column":45}},"loc":{"start":{"line":20,"column":45},"end":{"line":23,"column":null}},"line":20},"1":{"name":"(anonymous_1)","decl":{"start":{"line":26,"column":13},"end":{"line":26,"column":20}},"loc":{"start":{"line":26,"column":54},"end":{"line":29,"column":null}},"line":26},"2":{"name":"(anonymous_2)","decl":{"start":{"line":32,"column":12},"end":{"line":32,"column":19}},"loc":{"start":{"line":32,"column":69},"end":{"line":35,"column":null}},"line":32},"3":{"name":"(anonymous_3)","decl":{"start":{"line":38,"column":12},"end":{"line":38,"column":19}},"loc":{"start":{"line":38,"column":81},"end":{"line":41,"column":null}},"line":38},"4":{"name":"(anonymous_4)","decl":{"start":{"line":44,"column":12},"end":{"line":44,"column":19}},"loc":{"start":{"line":44,"column":49},"end":{"line":46,"column":null}},"line":44},"5":{"name":"(anonymous_5)","decl":{"start":{"line":49,"column":10},"end":{"line":49,"column":17}},"loc":{"start":{"line":49,"column":77},"end":{"line":52,"column":null}},"line":49},"6":{"name":"(anonymous_6)","decl":{"start":{"line":55,"column":13},"end":{"line":55,"column":20}},"loc":{"start":{"line":55,"column":83},"end":{"line":58,"column":null}},"line":55}},"branchMap":{"0":{"loc":{"start":{"line":22,"column":15},"end":{"line":22,"column":null}},"type":"binary-expr","locations":[{"start":{"line":22,"column":15},"end":{"line":22,"column":28}},{"start":{"line":22,"column":28},"end":{"line":22,"column":null}}],"line":22}},"s":{"0":1,"1":1,"2":2,"3":2,"4":1,"5":1,"6":1,"7":1,"8":1,"9":1,"10":1,"11":1,"12":1,"13":1,"14":1},"f":{"0":2,"1":1,"2":1,"3":1,"4":1,"5":1,"6":1},"b":{"0":[2,1]},"meta":{"lastBranch":1,"lastFunction":7,"lastStatement":15,"seen":{"s:11:12:16:Infinity":0,"s:18:23:59:Infinity":1,"f:20:12:20:45":0,"s:21:25:21:Infinity":2,"s:22:8:22:Infinity":3,"b:22:15:22:28:22:28:22:Infinity":0,"f:26:13:26:20":1,"s:27:25:27:Infinity":4,"s:28:8:28:Infinity":5,"f:32:12:32:19":2,"s:33:25:33:Infinity":6,"s:34:8:34:Infinity":7,"f:38:12:38:19":3,"s:39:25:39:Infinity":8,"s:40:8:40:Infinity":9,"f:44:12:44:19":4,"s:45:8:45:Infinity":10,"f:49:10:49:17":5,"s:50:25:50:Infinity":11,"s:51:8:51:Infinity":12,"f:55:13:55:20":6,"s:56:25:56:Infinity":13,"s:57:8:57:Infinity":14}}}
,"D:\\Apply Jobs\\menu-project\\frontend-menu\\src\\components\\ui\\Button.tsx": {"path":"D:\\Apply Jobs\\menu-project\\frontend-menu\\src\\components\\ui\\Button.tsx","statementMap":{"0":{"start":{"line":13,"column":53},"end":{"line":24,"column":null}},"1":{"start":{"line":26,"column":47},"end":{"line":31,"column":null}},"2":{"start":{"line":42,"column":4},"end":{"line":78,"column":null}}},"fnMap":{"0":{"name":"Button","decl":{"start":{"line":33,"column":24},"end":{"line":33,"column":31}},"loc":{"start":{"line":41,"column":16},"end":{"line":80,"column":null}},"line":41}},"branchMap":{"0":{"loc":{"start":{"line":34,"column":4},"end":{"line":34,"column":null}},"type":"default-arg","locations":[{"start":{"line":34,"column":14},"end":{"line":34,"column":null}}],"line":34},"1":{"loc":{"start":{"line":35,"column":4},"end":{"line":35,"column":null}},"type":"default-arg","locations":[{"start":{"line":35,"column":11},"end":{"line":35,"column":null}}],"line":35},"2":{"loc":{"start":{"line":37,"column":4},"end":{"line":37,"column":null}},"type":"default-arg","locations":[{"start":{"line":37,"column":16},"end":{"line":37,"column":null}}],"line":37},"3":{"loc":{"start":{"line":52,"column":22},"end":{"line":52,"column":null}},"type":"binary-expr","locations":[{"start":{"line":52,"column":22},"end":{"line":52,"column":34}},{"start":{"line":52,"column":34},"end":{"line":52,"column":null}}],"line":52},"4":{"loc":{"start":{"line":55,"column":13},"end":{"line":75,"column":null}},"type":"binary-expr","locations":[{"start":{"line":55,"column":13},"end":{"line":55,"column":null}},{"start":{"line":56,"column":16},"end":{"line":75,"column":null}}],"line":55}},"s":{"0":1,"1":1,"2":8},"f":{"0":8},"b":{"0":[8],"1":[8],"2":[8],"3":[8,7],"4":[8,2]},"meta":{"lastBranch":5,"lastFunction":1,"lastStatement":3,"seen":{"s:13:53:24:Infinity":0,"s:26:47:31:Infinity":1,"f:33:24:33:31":0,"b:34:14:34:Infinity":0,"b:35:11:35:Infinity":1,"b:37:16:37:Infinity":2,"s:42:4:78:Infinity":2,"b:52:22:52:34:52:34:52:Infinity":3,"b:55:13:55:Infinity:56:16:75:Infinity":4}}}
,"D:\\Apply Jobs\\menu-project\\frontend-menu\\src\\components\\ui\\Modal.tsx": {"path":"D:\\Apply Jobs\\menu-project\\frontend-menu\\src\\components\\ui\\Modal.tsx","statementMap":{"0":{"start":{"line":12,"column":10},"end":{"line":12,"column":null}},"1":{"start":{"line":14,"column":4},"end":{"line":23,"column":null}},"2":{"start":{"line":15,"column":8},"end":{"line":19,"column":null}},"3":{"start":{"line":16,"column":12},"end":{"line":16,"column":null}},"4":{"start":{"line":18,"column":12},"end":{"line":18,"column":null}},"5":{"start":{"line":20,"column":8},"end":{"line":22,"column":null}},"6":{"start":{"line":21,"column":12},"end":{"line":21,"column":null}},"7":{"start":{"line":25,"column":4},"end":{"line":31,"column":null}},"8":{"start":{"line":26,"column":26},"end":{"line":28,"column":null}},"9":{"start":{"line":27,"column":12},"end":{"line":27,"column":null}},"10":{"start":{"line":27,"column":36},"end":{"line":27,"column":null}},"11":{"start":{"line":29,"column":8},"end":{"line":29,"column":null}},"12":{"start":{"line":29,"column":20},"end":{"line":29,"column":null}},"13":{"start":{"line":30,"column":8},"end":{"line":30,"column":null}},"14":{"start":{"line":30,"column":21},"end":{"line":30,"column":null}},"15":{"start":{"line":33,"column":4},"end":{"line":33,"column":null}},"16":{"start":{"line":33,"column":17},"end":{"line":33,"column":null}},"17":{"start":{"line":35,"column":4},"end":{"line":60,"column":null}},"18":{"start":{"line":39,"column":28},"end":{"line":39,"column":null}},"19":{"start":{"line":43,"column":32},"end":{"line":43,"column":null}}},"fnMap":{"0":{"name":"Modal","decl":{"start":{"line":11,"column":24},"end":{"line":11,"column":30}},"loc":{"start":{"line":11,"column":80},"end":{"line":62,"column":null}},"line":11},"1":{"name":"(anonymous_1)","decl":{"start":{"line":14,"column":14},"end":{"line":14,"column":20}},"loc":{"start":{"line":14,"column":20},"end":{"line":23,"column":7}},"line":14},"2":{"name":"(anonymous_2)","decl":{"start":{"line":20,"column":15},"end":{"line":20,"column":21}},"loc":{"start":{"line":20,"column":21},"end":{"line":22,"column":null}},"line":20},"3":{"name":"(anonymous_3)","decl":{"start":{"line":25,"column":14},"end":{"line":25,"column":20}},"loc":{"start":{"line":25,"column":20},"end":{"line":31,"column":7}},"line":25},"4":{"name":"(anonymous_4)","decl":{"start":{"line":26,"column":26},"end":{"line":26,"column":27}},"loc":{"start":{"line":26,"column":48},"end":{"line":28,"column":null}},"line":26},"5":{"name":"(anonymous_5)","decl":{"start":{"line":30,"column":15},"end":{"line":30,"column":21}},"loc":{"start":{"line":30,"column":21},"end":{"line":30,"column":null}},"line":30},"6":{"name":"(anonymous_6)","decl":{"start":{"line":39,"column":21},"end":{"line":39,"column":22}},"loc":{"start":{"line":39,"column":28},"end":{"line":39,"column":null}},"line":39},"7":{"name":"(anonymous_7)","decl":{"start":{"line":43,"column":25},"end":{"line":43,"column":26}},"loc":{"start":{"line":43,"column":32},"end":{"line":43,"column":null}},"line":43}},"branchMap":{"0":{"loc":{"start":{"line":15,"column":8},"end":{"line":19,"column":null}},"type":"if","locations":[{"start":{"line":15,"column":8},"end":{"line":19,"column":null}},{"start":{"line":17,"column":15},"end":{"line":19,"column":null}}],"line":15},"1":{"loc":{"start":{"line":27,"column":12},"end":{"line":27,"column":null}},"type":"if","locations":[{"start":{"line":27,"column":12},"end":{"line":27,"column":null}},{"start":{},"end":{}}],"line":27},"2":{"loc":{"start":{"line":29,"column":8},"end":{"line":29,"column":null}},"type":"if","locations":[{"start":{"line":29,"column":8},"end":{"line":29,"column":null}},{"start":{},"end":{}}],"line":29},"3":{"loc":{"start":{"line":33,"column":4},"end":{"line":33,"column":null}},"type":"if","locations":[{"start":{"line":33,"column":4},"end":{"line":33,"column":null}},{"start":{},"end":{}}],"line":33},"4":{"loc":{"start":{"line":39,"column":28},"end":{"line":39,"column":null}},"type":"binary-expr","locations":[{"start":{"line":39,"column":28},"end":{"line":39,"column":63}},{"start":{"line":39,"column":63},"end":{"line":39,"column":null}}],"line":39}},"s":{"0":4,"1":4,"2":4,"3":3,"4":1,"5":4,"6":4,"7":4,"8":4,"9":1,"10":1,"11":4,"12":3,"13":4,"14":4,"15":4,"16":1,"17":3,"18":0,"19":1},"f":{"0":4,"1":4,"2":4,"3":4,"4":1,"5":4,"6":0,"7":1},"b":{"0":[3,1],"1":[1,0],"2":[3,1],"3":[1,3],"4":[0,0]},"meta":{"lastBranch":5,"lastFunction":8,"lastStatement":20,"seen":{"f:11:24:11:30":0,"s:12:10:12:Infinity":0,"s:14:4:23:Infinity":1,"f:14:14:14:20":1,"b:15:8:19:Infinity:17:15:19:Infinity":0,"s:15:8:19:Infinity":2,"s:16:12:16:Infinity":3,"s:18:12:18:Infinity":4,"s:20:8:22:Infinity":5,"f:20:15:20:21":2,"s:21:12:21:Infinity":6,"s:25:4:31:Infinity":7,"f:25:14:25:20":3,"s:26:26:28:Infinity":8,"f:26:26:26:27":4,"b:27:12:27:Infinity:undefined:undefined:undefined:undefined":1,"s:27:12:27:Infinity":9,"s:27:36:27:Infinity":10,"b:29:8:29:Infinity:undefined:undefined:undefined:undefined":2,"s:29:8:29:Infinity":11,"s:29:20:29:Infinity":12,"s:30:8:30:Infinity":13,"f:30:15:30:21":5,"s:30:21:30:Infinity":14,"b:33:4:33:Infinity:undefined:undefined:undefined:undefined":3,"s:33:4:33:Infinity":15,"s:33:17:33:Infinity":16,"s:35:4:60:Infinity":17,"f:39:21:39:22":6,"s:39:28:39:Infinity":18,"b:39:28:39:63:39:63:39:Infinity":4,"f:43:25:43:26":7,"s:43:32:43:Infinity":19}}}
,"D:\\Apply Jobs\\menu-project\\frontend-menu\\src\\store\\useMenuStore.ts": {"path":"D:\\Apply Jobs\\menu-project\\frontend-menu\\src\\store\\useMenuStore.ts","statementMap":{"0":{"start":{"line":13,"column":26},"end":{"line":13,"column":null}},"1":{"start":{"line":14,"column":4},"end":{"line":20,"column":null}},"2":{"start":{"line":15,"column":8},"end":{"line":15,"column":null}},"3":{"start":{"line":16,"column":25},"end":{"line":16,"column":null}},"4":{"start":{"line":17,"column":8},"end":{"line":19,"column":null}},"5":{"start":{"line":18,"column":12},"end":{"line":18,"column":null}},"6":{"start":{"line":21,"column":4},"end":{"line":21,"column":null}},"7":{"start":{"line":26,"column":4},"end":{"line":33,"column":null}},"8":{"start":{"line":27,"column":8},"end":{"line":27,"column":null}},"9":{"start":{"line":27,"column":28},"end":{"line":27,"column":null}},"10":{"start":{"line":28,"column":25},"end":{"line":28,"column":null}},"11":{"start":{"line":29,"column":8},"end":{"line":32,"column":null}},"12":{"start":{"line":30,"column":26},"end":{"line":30,"column":null}},"13":{"start":{"line":31,"column":12},"end":{"line":31,"column":null}},"14":{"start":{"line":31,"column":23},"end":{"line":31,"column":null}},"15":{"start":{"line":34,"column":4},"end":{"line":34,"column":null}},"16":{"start":{"line":39,"column":4},"end":{"line":46,"column":null}},"17":{"start":{"line":40,"column":8},"end":{"line":40,"column":null}},"18":{"start":{"line":40,"column":34},"end":{"line":40,"column":null}},"19":{"start":{"line":41,"column":25},"end":{"line":41,"column":null}},"20":{"start":{"line":42,"column":8},"end":{"line":45,"column":null}},"21":{"start":{"line":43,"column":26},"end":{"line":43,"column":null}},"22":{"start":{"line":44,"column":12},"end":{"line":44,"column":null}},"23":{"start":{"line":44,"column":30},"end":{"line":44,"column":null}},"24":{"start":{"line":47,"column":4},"end":{"line":47,"column":null}},"25":{"start":{"line":78,"column":13},"end":{"line":178,"column":null}},"26":{"start":{"line":78,"column":61},"end":{"line":178,"column":2}},"27":{"start":{"line":87,"column":8},"end":{"line":87,"column":null}},"28":{"start":{"line":88,"column":8},"end":{"line":94,"column":null}},"29":{"start":{"line":89,"column":26},"end":{"line":89,"column":null}},"30":{"start":{"line":90,"column":12},"end":{"line":90,"column":null}},"31":{"start":{"line":92,"column":28},"end":{"line":92,"column":null}},"32":{"start":{"line":93,"column":12},"end":{"line":93,"column":null}},"33":{"start":{"line":98,"column":8},"end":{"line":98,"column":null}},"34":{"start":{"line":102,"column":8},"end":{"line":110,"column":null}},"35":{"start":{"line":103,"column":32},"end":{"line":103,"column":null}},"36":{"start":{"line":104,"column":12},"end":{"line":108,"column":null}},"37":{"start":{"line":105,"column":16},"end":{"line":105,"column":null}},"38":{"start":{"line":107,"column":16},"end":{"line":107,"column":null}},"39":{"start":{"line":109,"column":12},"end":{"line":109,"column":null}},"40":{"start":{"line":114,"column":23},"end":{"line":114,"column":null}},"41":{"start":{"line":115,"column":8},"end":{"line":115,"column":null}},"42":{"start":{"line":119,"column":8},"end":{"line":119,"column":null}},"43":{"start":{"line":123,"column":8},"end":{"line":123,"column":null}},"44":{"start":{"line":127,"column":24},"end":{"line":127,"column":null}},"45":{"start":{"line":128,"column":8},"end":{"line":128,"column":null}},"46":{"start":{"line":129,"column":8},"end":{"line":129,"column":null}},"47":{"start":{"line":133,"column":24},"end":{"line":133,"column":null}},"48":{"start":{"line":134,"column":8},"end":{"line":134,"column":null}},"49":{"start":{"line":136,"column":33},"end":{"line":136,"column":null}},"50":{"start":{"line":137,"column":8},"end":{"line":140,"column":null}},"51":{"start":{"line":138,"column":30},"end":{"line":138,"column":null}},"52":{"start":{"line":139,"column":12},"end":{"line":139,"column":null}},"53":{"start":{"line":141,"column":8},"end":{"line":141,"column":null}},"54":{"start":{"line":145,"column":8},"end":{"line":145,"column":null}},"55":{"start":{"line":146,"column":33},"end":{"line":146,"column":null}},"56":{"start":{"line":147,"column":8},"end":{"line":149,"column":null}},"57":{"start":{"line":148,"column":12},"end":{"line":148,"column":null}},"58":{"start":{"line":150,"column":8},"end":{"line":150,"column":null}},"59":{"start":{"line":154,"column":22},"end":{"line":154,"column":null}},"60":{"start":{"line":155,"column":8},"end":{"line":155,"column":null}},"61":{"start":{"line":156,"column":8},"end":{"line":156,"column":null}},"62":{"start":{"line":160,"column":26},"end":{"line":160,"column":null}},"63":{"start":{"line":161,"column":8},"end":{"line":161,"column":null}},"64":{"start":{"line":162,"column":8},"end":{"line":162,"column":null}},"65":{"start":{"line":166,"column":8},"end":{"line":166,"column":null}},"66":{"start":{"line":170,"column":21},"end":{"line":170,"column":null}},"67":{"start":{"line":171,"column":8},"end":{"line":171,"column":null}},"68":{"start":{"line":171,"column":46},"end":{"line":171,"column":null}},"69":{"start":{"line":172,"column":8},"end":{"line":172,"column":null}},"70":{"start":{"line":176,"column":8},"end":{"line":176,"column":null}}},"fnMap":{"0":{"name":"collectIds","decl":{"start":{"line":12,"column":9},"end":{"line":12,"column":20}},"loc":{"start":{"line":12,"column":49},"end":{"line":22,"column":null}},"line":12},"1":{"name":"findById","decl":{"start":{"line":25,"column":9},"end":{"line":25,"column":18}},"loc":{"start":{"line":25,"column":66},"end":{"line":35,"column":null}},"line":25},"2":{"name":"calculateDepth","decl":{"start":{"line":38,"column":9},"end":{"line":38,"column":24}},"loc":{"start":{"line":38,"column":87},"end":{"line":48,"column":null}},"line":38},"3":{"name":"(anonymous_3)","decl":{"start":{"line":78,"column":46},"end":{"line":78,"column":47}},"loc":{"start":{"line":78,"column":61},"end":{"line":178,"column":2}},"line":78},"4":{"name":"(anonymous_4)","decl":{"start":{"line":86,"column":15},"end":{"line":86,"column":27}},"loc":{"start":{"line":86,"column":27},"end":{"line":95,"column":null}},"line":86},"5":{"name":"(anonymous_5)","decl":{"start":{"line":97,"column":16},"end":{"line":97,"column":17}},"loc":{"start":{"line":97,"column":26},"end":{"line":99,"column":null}},"line":97},"6":{"name":"(anonymous_6)","decl":{"start":{"line":101,"column":18},"end":{"line":101,"column":19}},"loc":{"start":{"line":101,"column":26},"end":{"line":111,"column":null}},"line":101},"7":{"name":"(anonymous_7)","decl":{"start":{"line":102,"column":12},"end":{"line":102,"column":13}},"loc":{"start":{"line":102,"column":23},"end":{"line":110,"column":9}},"line":102},"8":{"name":"(anonymous_8)","decl":{"start":{"line":113,"column":15},"end":{"line":113,"column":21}},"loc":{"start":{"line":113,"column":21},"end":{"line":116,"column":null}},"line":113},"9":{"name":"(anonymous_9)","decl":{"start":{"line":118,"column":17},"end":{"line":118,"column":23}},"loc":{"start":{"line":118,"column":23},"end":{"line":120,"column":null}},"line":118},"10":{"name":"(anonymous_10)","decl":{"start":{"line":122,"column":20},"end":{"line":122,"column":21}},"loc":{"start":{"line":122,"column":31},"end":{"line":124,"column":null}},"line":122},"11":{"name":"(anonymous_11)","decl":{"start":{"line":126,"column":16},"end":{"line":126,"column":23}},"loc":{"start":{"line":126,"column":35},"end":{"line":130,"column":null}},"line":126},"12":{"name":"(anonymous_12)","decl":{"start":{"line":132,"column":16},"end":{"line":132,"column":23}},"loc":{"start":{"line":132,"column":39},"end":{"line":142,"column":null}},"line":132},"13":{"name":"(anonymous_13)","decl":{"start":{"line":144,"column":16},"end":{"line":144,"column":23}},"loc":{"start":{"line":144,"column":30},"end":{"line":151,"column":null}},"line":144},"14":{"name":"(anonymous_14)","decl":{"start":{"line":153,"column":14},"end":{"line":153,"column":21}},"loc":{"start":{"line":153,"column":37},"end":{"line":157,"column":null}},"line":153},"15":{"name":"(anonymous_15)","decl":{"start":{"line":159,"column":17},"end":{"line":159,"column":24}},"loc":{"start":{"line":159,"column":40},"end":{"line":163,"column":null}},"line":159},"16":{"name":"(anonymous_16)","decl":{"start":{"line":165,"column":14},"end":{"line":165,"column":15}},"loc":{"start":{"line":165,"column":22},"end":{"line":167,"column":null}},"line":165},"17":{"name":"(anonymous_17)","decl":{"start":{"line":169,"column":15},"end":{"line":169,"column":16}},"loc":{"start":{"line":169,"column":23},"end":{"line":173,"column":null}},"line":169},"18":{"name":"(anonymous_18)","decl":{"start":{"line":175,"column":18},"end":{"line":175,"column":19}},"loc":{"start":{"line":175,"column":26},"end":{"line":177,"column":null}},"line":175}},"branchMap":{"0":{"loc":{"start":{"line":16,"column":25},"end":{"line":16,"column":null}},"type":"binary-expr","locations":[{"start":{"line":16,"column":25},"end":{"line":16,"column":42}},{"start":{"line":16,"column":42},"end":{"line":16,"column":null}}],"line":16},"1":{"loc":{"start":{"line":17,"column":8},"end":{"line":19,"column":null}},"type":"if","locations":[{"start":{"line":17,"column":8},"end":{"line":19,"column":null}},{"start":{},"end":{}}],"line":17},"2":{"loc":{"start":{"line":27,"column":8},"end":{"line":27,"column":null}},"type":"if","locations":[{"start":{"line":27,"column":8},"end":{"line":27,"column":null}},{"start":{},"end":{}}],"line":27},"3":{"loc":{"start":{"line":28,"column":25},"end":{"line":28,"column":null}},"type":"binary-expr","locations":[{"start":{"line":28,"column":25},"end":{"line":28,"column":42}},{"start":{"line":28,"column":42},"end":{"line":28,"column":null}}],"line":28},"4":{"loc":{"start":{"line":29,"column":8},"end":{"line":32,"column":null}},"type":"if","locations":[{"start":{"line":29,"column":8},"end":{"line":32,"column":null}},{"start":{},"end":{}}],"line":29},"5":{"loc":{"start":{"line":31,"column":12},"end":{"line":31,"column":null}},"type":"if","locations":[{"start":{"line":31,"column":12},"end":{"line":31,"column":null}},{"start":{},"end":{}}],"line":31},"6":{"loc":{"start":{"line":38,"column":61},"end":{"line":38,"column":87}},"type":"default-arg","locations":[{"start":{"line":38,"column":76},"end":{"line":38,"column":87}}],"line":38},"7":{"loc":{"start":{"line":40,"column":8},"end":{"line":40,"column":null}},"type":"if","locations":[{"start":{"line":40,"column":8},"end":{"line":40,"column":null}},{"start":{},"end":{}}],"line":40},"8":{"loc":{"start":{"line":41,"column":25},"end":{"line":41,"column":null}},"type":"binary-expr","locations":[{"start":{"line":41,"column":25},"end":{"line":41,"column":42}},{"start":{"line":41,"column":42},"end":{"line":41,"column":null}}],"line":41},"9":{"loc":{"start":{"line":42,"column":8},"end":{"line":45,"column":null}},"type":"if","locations":[{"start":{"line":42,"column":8},"end":{"line":45,"column":null}},{"start":{},"end":{}}],"line":42},"10":{"loc":{"start":{"line":44,"column":12},"end":{"line":44,"column":null}},"type":"if","locations":[{"start":{"line":44,"column":12},"end":{"line":44,"column":null}},{"start":{},"end":{}}],"line":44},"11":{"loc":{"start":{"line":92,"column":28},"end":{"line":92,"column":null}},"type":"cond-expr","locations":[{"start":{"line":92,"column":51},"end":{"line":92,"column":65}},{"start":{"line":92,"column":65},"end":{"line":92,"column":null}}],"line":92},"12":{"loc":{"start":{"line":104,"column":12},"end":{"line":108,"column":null}},"type":"if","locations":[{"start":{"line":104,"column":12},"end":{"line":108,"column":null}},{"start":{"line":106,"column":19},"end":{"line":108,"column":null}}],"line":104},"13":{"loc":{"start":{"line":137,"column":8},"end":{"line":140,"column":null}},"type":"if","locations":[{"start":{"line":137,"column":8},"end":{"line":140,"column":null}},{"start":{},"end":{}}],"line":137},"14":{"loc":{"start":{"line":137,"column":12},"end":{"line":137,"column":52}},"type":"binary-expr","locations":[{"start":{"line":137,"column":12},"end":{"line":137,"column":28}},{"start":{"line":137,"column":28},"end":{"line":137,"column":52}}],"line":137},"15":{"loc":{"start":{"line":147,"column":8},"end":{"line":149,"column":null}},"type":"if","locations":[{"start":{"line":147,"column":8},"end":{"line":149,"column":null}},{"start":{},"end":{}}],"line":147},"16":{"loc":{"start":{"line":147,"column":12},"end":{"line":147,"column":52}},"type":"binary-expr","locations":[{"start":{"line":147,"column":12},"end":{"line":147,"column":28}},{"start":{"line":147,"column":28},"end":{"line":147,"column":52}}],"line":147},"17":{"loc":{"start":{"line":171,"column":8},"end":{"line":171,"column":null}},"type":"if","locations":[{"start":{"line":171,"column":8},"end":{"line":171,"column":null}},{"start":{},"end":{}}],"line":171},"18":{"loc":{"start":{"line":171,"column":12},"end":{"line":171,"column":46}},"type":"binary-expr","locations":[{"start":{"line":171,"column":12},"end":{"line":171,"column":21}},{"start":{"line":171,"column":21},"end":{"line":171,"column":46}}],"line":171}},"s":{"0":6,"1":6,"2":8,"3":8,"4":8,"5":4,"6":6,"7":12,"8":13,"9":4,"10":9,"11":13,"12":7,"13":7,"14":5,"15":3,"16":6,"17":6,"18":3,"19":3,"20":6,"21":3,"22":3,"23":3,"24":0,"25":1,"26":1,"27":12,"28":12,"29":12,"30":11,"31":1,"32":1,"33":4,"34":2,"35":2,"36":2,"37":1,"38":1,"39":2,"40":2,"41":2,"42":1,"43":1,"44":1,"45":1,"46":1,"47":1,"48":1,"49":1,"50":1,"51":0,"52":0,"53":1,"54":1,"55":1,"56":1,"57":1,"58":1,"59":0,"60":0,"61":0,"62":0,"63":0,"64":0,"65":3,"66":2,"67":2,"68":1,"69":1,"70":2},"f":{"0":6,"1":12,"2":6,"3":1,"4":12,"5":4,"6":2,"7":2,"8":2,"9":1,"10":1,"11":1,"12":1,"13":1,"14":0,"15":0,"16":3,"17":2,"18":2},"b":{"0":[8,0],"1":[4,4],"2":[4,9],"3":[9,0],"4":[7,6],"5":[5,2],"6":[6],"7":[3,3],"8":[3,0],"9":[3,3],"10":[3,0],"11":[1,0],"12":[1,1],"13":[0,1],"14":[1,0],"15":[1,0],"16":[1,1],"17":[1,1],"18":[2,2]},"meta":{"lastBranch":19,"lastFunction":19,"lastStatement":71,"seen":{"f:12:9:12:20":0,"s:13:26:13:Infinity":0,"s:14:4:20:Infinity":1,"s:15:8:15:Infinity":2,"s:16:25:16:Infinity":3,"b:16:25:16:42:16:42:16:Infinity":0,"b:17:8:19:Infinity:undefined:undefined:undefined:undefined":1,"s:17:8:19:Infinity":4,"s:18:12:18:Infinity":5,"s:21:4:21:Infinity":6,"f:25:9:25:18":1,"s:26:4:33:Infinity":7,"b:27:8:27:Infinity:undefined:undefined:undefined:undefined":2,"s:27:8:27:Infinity":8,"s:27:28:27:Infinity":9,"s:28:25:28:Infinity":10,"b:28:25:28:42:28:42:28:Infinity":3,"b:29:8:32:Infinity:undefined:undefined:undefined:undefined":4,"s:29:8:32:Infinity":11,"s:30:26:30:Infinity":12,"b:31:12:31:Infinity:undefined:undefined:undefined:undefined":5,"s:31:12:31:Infinity":13,"s:31:23:31:Infinity":14,"s:34:4:34:Infinity":15,"f:38:9:38:24":2,"b:38:76:38:87":6,"s:39:4:46:Infinity":16,"b:40:8:40:Infinity:undefined:undefined:undefined:undefined":7,"s:40:8:40:Infinity":17,"s:40:34:40:Infinity":18,"s:41:25:41:Infinity":19,"b:41:25:41:42:41:42:41:Infinity":8,"b:42:8:45:Infinity:undefined:undefined:undefined:undefined":9,"s:42:8:45:Infinity":20,"s:43:26:43:Infinity":21,"b:44:12:44:Infinity:undefined:undefined:undefined:undefined":10,"s:44:12:44:Infinity":22,"s:44:30:44:Infinity":23,"s:47:4:47:Infinity":24,"s:78:13:178:Infinity":25,"f:78:46:78:47":3,"s:78:61:178:2":26,"f:86:15:86:27":4,"s:87:8:87:Infinity":27,"s:88:8:94:Infinity":28,"s:89:26:89:Infinity":29,"s:90:12:90:Infinity":30,"s:92:28:92:Infinity":31,"b:92:51:92:65:92:65:92:Infinity":11,"s:93:12:93:Infinity":32,"f:97:16:97:17":5,"s:98:8:98:Infinity":33,"f:101:18:101:19":6,"s:102:8:110:Infinity":34,"f:102:12:102:13":7,"s:103:32:103:Infinity":35,"b:104:12:108:Infinity:106:19:108:Infinity":12,"s:104:12:108:Infinity":36,"s:105:16:105:Infinity":37,"s:107:16:107:Infinity":38,"s:109:12:109:Infinity":39,"f:113:15:113:21":8,"s:114:23:114:Infinity":40,"s:115:8:115:Infinity":41,"f:118:17:118:23":9,"s:119:8:119:Infinity":42,"f:122:20:122:21":10,"s:123:8:123:Infinity":43,"f:126:16:126:23":11,"s:127:24:127:Infinity":44,"s:128:8:128:Infinity":45,"s:129:8:129:Infinity":46,"f:132:16:132:23":12,"s:133:24:133:Infinity":47,"s:134:8:134:Infinity":48,"s:136:33:136:Infinity":49,"b:137:8:140:Infinity:undefined:undefined:undefined:undefined":13,"s:137:8:140:Infinity":50,"b:137:12:137:28:137:28:137:52":14,"s:138:30:138:Infinity":51,"s:139:12:139:Infinity":52,"s:141:8:141:Infinity":53,"f:144:16:144:23":13,"s:145:8:145:Infinity":54,"s:146:33:146:Infinity":55,"b:147:8:149:Infinity:undefined:undefined:undefined:undefined":15,"s:147:8:149:Infinity":56,"b:147:12:147:28:147:28:147:52":16,"s:148:12:148:Infinity":57,"s:150:8:150:Infinity":58,"f:153:14:153:21":14,"s:154:22:154:Infinity":59,"s:155:8:155:Infinity":60,"s:156:8:156:Infinity":61,"f:159:17:159:24":15,"s:160:26:160:Infinity":62,"s:161:8:161:Infinity":63,"s:162:8:162:Infinity":64,"f:165:14:165:15":16,"s:166:8:166:Infinity":65,"f:169:15:169:16":17,"s:170:21:170:Infinity":66,"b:171:8:171:Infinity:undefined:undefined:undefined:undefined":17,"s:171:8:171:Infinity":67,"b:171:12:171:21:171:21:171:46":18,"s:171:46:171:Infinity":68,"s:172:8:172:Infinity":69,"f:175:18:175:19":18,"s:176:8:176:Infinity":70}}}
}
